<?xml version="1.0" encoding="UTF-8"?>
<testng-results ignored="0" total="1" passed="1" failed="0" skipped="0">
  <reporter-output>
  </reporter-output>
  <suite started-at="2026-07-17T15:30:09 IST" name="Ditto Insurance Automation Task" finished-at="2026-07-17T15:30:22 IST" duration-ms="13107">
    <groups>
    </groups>
    <test started-at="2026-07-17T15:30:09 IST" name="Ditto UI Automation Test" finished-at="2026-07-17T15:30:22 IST" duration-ms="13107">
      <class name="com.ditto.test.InsurancePageTest">
        <test-method is-config="true" signature="setup()[pri:0, instance:com.ditto.test.InsurancePageTest@293a5bf6]" started-at="2026-07-17T15:30:10 IST" name="setup" finished-at="2026-07-17T15:30:12 IST" duration-ms="2417" status="PASS">
          <reporter-output>
          </reporter-output>
        </test-method> <!-- setup -->
        <test-method is-config="true" signature="helperPage()[pri:0, instance:com.ditto.test.InsurancePageTest@293a5bf6]" started-at="2026-07-17T15:30:12 IST" name="helperPage" finished-at="2026-07-17T15:30:12 IST" duration-ms="36" status="PASS">
          <reporter-output>
          </reporter-output>
        </test-method> <!-- helperPage -->
        <test-method signature="verifyTotalPremiumIsSumOfAddonsAndBasePremium()[pri:0, instance:com.ditto.test.InsurancePageTest@293a5bf6]" started-at="2026-07-17T15:30:12 IST" name="verifyTotalPremiumIsSumOfAddonsAndBasePremium" description="TC-01 : verify Total Premium Is Sum Of Addons And Base Premium" finished-at="2026-07-17T15:30:22 IST" duration-ms="9858" status="PASS">
          <reporter-output>
          </reporter-output>
        </test-method> <!-- verifyTotalPremiumIsSumOfAddonsAndBasePremium -->
        <test-method is-config="true" signature="tearDown()[pri:0, instance:com.ditto.test.InsurancePageTest@293a5bf6]" started-at="2026-07-17T15:30:22 IST" name="tearDown" finished-at="2026-07-17T15:30:22 IST" duration-ms="286" status="PASS">
          <reporter-output>
          </reporter-output>
        </test-method> <!-- tearDown -->
      </class> <!-- com.ditto.test.InsurancePageTest -->
    </test> <!-- Ditto UI Automation Test -->
  </suite> <!-- Ditto Insurance Automation Task -->
</testng-results>
